[2025-06-04 16:43:42.109 INF] Request GET / started 
[2025-06-04 16:43:42.151 INF] Request GET / completed with status 200 
[2025-06-04 16:44:22.202 INF] Request GET / started 
[2025-06-04 16:44:22.342 INF] Request GET / completed with status 200 
[2025-06-04 16:45:45.156 INF] Request GET / started 
[2025-06-04 16:45:45.193 INF] Request GET / completed with status 200 
[2025-06-04 16:47:21.616 INF] Request GET /swagger/index.html started 
[2025-06-04 16:47:21.782 INF] Request GET /swagger/index.html completed with status 200 
[2025-06-04 16:47:21.796 INF] Request GET /swagger/index.js started 
[2025-06-04 16:47:21.808 INF] Request GET /swagger/index.js completed with status 200 
[2025-06-04 16:47:21.877 INF] Request GET /swagger/v1/swagger.json started 
[2025-06-04 16:47:22.436 INF] Request GET /swagger/v1/swagger.json completed with status 200 
[2025-06-04 16:47:50.704 INF] Request POST /api/v1/auth/login started 
[2025-06-04 16:47:53.998 WRN] Entity 'Requirement' has a global query filter defined and is the required end of a relationship with the entity 'RequirementTestCase'. This may lead to unexpected results when the required entity is filtered out. Either configure the navigation as optional, or define matching query filters for both entities in the navigation. See https://go.microsoft.com/fwlink/?linkid=2131316 for more information. 
[2025-06-04 16:47:54.005 WRN] Entity 'Role' has a global query filter defined and is the required end of a relationship with the entity 'RolePermission'. This may lead to unexpected results when the required entity is filtered out. Either configure the navigation as optional, or define matching query filters for both entities in the navigation. See https://go.microsoft.com/fwlink/?linkid=2131316 for more information. 
[2025-06-04 16:47:55.787 ERR] An error occurred using the connection to database 'EffortlessQA' on server 'tcp://localhost:5432'. 
[2025-06-04 16:47:55.863 ERR] An exception occurred while iterating over the results of a query for context type 'EffortlessQA.Data.EffortlessQAContext'.
Npgsql.PostgresException (0x80004005): 28P01: password authentication failed for user "postgres"
   at Npgsql.Internal.NpgsqlConnector.ReadMessageLong(Boolean async, DataRowLoadingMode dataRowLoadingMode, Boolean readingNotifications, Boolean isReadingPrependedMessage)
   at System.Runtime.CompilerServices.PoolingAsyncValueTaskMethodBuilder`1.StateMachineBox`1.System.Threading.Tasks.Sources.IValueTaskSource<TResult>.GetResult(Int16 token)
   at Npgsql.Internal.NpgsqlConnector.AuthenticateSASL(List`1 mechanisms, String username, Boolean async, CancellationToken cancellationToken)
   at Npgsql.Internal.NpgsqlConnector.Authenticate(String username, NpgsqlTimeout timeout, Boolean async, CancellationToken cancellationToken)
   at Npgsql.Internal.NpgsqlConnector.<Open>g__OpenCore|214_1(NpgsqlConnector conn, SslMode sslMode, NpgsqlTimeout timeout, Boolean async, CancellationToken cancellationToken)
   at Npgsql.Internal.NpgsqlConnector.Open(NpgsqlTimeout timeout, Boolean async, CancellationToken cancellationToken)
   at Npgsql.PoolingDataSource.OpenNewConnector(NpgsqlConnection conn, NpgsqlTimeout timeout, Boolean async, CancellationToken cancellationToken)
   at Npgsql.PoolingDataSource.<Get>g__RentAsync|33_0(NpgsqlConnection conn, NpgsqlTimeout timeout, Boolean async, CancellationToken cancellationToken)
   at Npgsql.NpgsqlConnection.<Open>g__OpenAsync|42_0(Boolean async, CancellationToken cancellationToken)
   at Microsoft.EntityFrameworkCore.Storage.RelationalConnection.OpenInternalAsync(Boolean errorsExpected, CancellationToken cancellationToken)
   at Microsoft.EntityFrameworkCore.Storage.RelationalConnection.OpenInternalAsync(Boolean errorsExpected, CancellationToken cancellationToken)
   at Microsoft.EntityFrameworkCore.Storage.RelationalConnection.OpenAsync(CancellationToken cancellationToken, Boolean errorsExpected)
   at Microsoft.EntityFrameworkCore.Storage.RelationalCommand.ExecuteReaderAsync(RelationalCommandParameterObject parameterObject, CancellationToken cancellationToken)
   at Microsoft.EntityFrameworkCore.Query.Internal.SingleQueryingEnumerable`1.AsyncEnumerator.InitializeReaderAsync(AsyncEnumerator enumerator, CancellationToken cancellationToken)
   at Npgsql.EntityFrameworkCore.PostgreSQL.Storage.Internal.NpgsqlExecutionStrategy.ExecuteAsync[TState,TResult](TState state, Func`4 operation, Func`4 verifySucceeded, CancellationToken cancellationToken)
   at Microsoft.EntityFrameworkCore.Query.Internal.SingleQueryingEnumerable`1.AsyncEnumerator.MoveNextAsync()
  Exception data:
    Severity: FATAL
    SqlState: 28P01
    MessageText: password authentication failed for user "postgres"
    File: auth.c
    Line: 324
    Routine: auth_failed 
Npgsql.PostgresException (0x80004005): 28P01: password authentication failed for user "postgres"
   at Npgsql.Internal.NpgsqlConnector.ReadMessageLong(Boolean async, DataRowLoadingMode dataRowLoadingMode, Boolean readingNotifications, Boolean isReadingPrependedMessage)
   at System.Runtime.CompilerServices.PoolingAsyncValueTaskMethodBuilder`1.StateMachineBox`1.System.Threading.Tasks.Sources.IValueTaskSource<TResult>.GetResult(Int16 token)
   at Npgsql.Internal.NpgsqlConnector.AuthenticateSASL(List`1 mechanisms, String username, Boolean async, CancellationToken cancellationToken)
   at Npgsql.Internal.NpgsqlConnector.Authenticate(String username, NpgsqlTimeout timeout, Boolean async, CancellationToken cancellationToken)
   at Npgsql.Internal.NpgsqlConnector.<Open>g__OpenCore|214_1(NpgsqlConnector conn, SslMode sslMode, NpgsqlTimeout timeout, Boolean async, CancellationToken cancellationToken)
   at Npgsql.Internal.NpgsqlConnector.Open(NpgsqlTimeout timeout, Boolean async, CancellationToken cancellationToken)
   at Npgsql.PoolingDataSource.OpenNewConnector(NpgsqlConnection conn, NpgsqlTimeout timeout, Boolean async, CancellationToken cancellationToken)
   at Npgsql.PoolingDataSource.<Get>g__RentAsync|33_0(NpgsqlConnection conn, NpgsqlTimeout timeout, Boolean async, CancellationToken cancellationToken)
   at Npgsql.NpgsqlConnection.<Open>g__OpenAsync|42_0(Boolean async, CancellationToken cancellationToken)
   at Microsoft.EntityFrameworkCore.Storage.RelationalConnection.OpenInternalAsync(Boolean errorsExpected, CancellationToken cancellationToken)
   at Microsoft.EntityFrameworkCore.Storage.RelationalConnection.OpenInternalAsync(Boolean errorsExpected, CancellationToken cancellationToken)
   at Microsoft.EntityFrameworkCore.Storage.RelationalConnection.OpenAsync(CancellationToken cancellationToken, Boolean errorsExpected)
   at Microsoft.EntityFrameworkCore.Storage.RelationalCommand.ExecuteReaderAsync(RelationalCommandParameterObject parameterObject, CancellationToken cancellationToken)
   at Microsoft.EntityFrameworkCore.Query.Internal.SingleQueryingEnumerable`1.AsyncEnumerator.InitializeReaderAsync(AsyncEnumerator enumerator, CancellationToken cancellationToken)
   at Npgsql.EntityFrameworkCore.PostgreSQL.Storage.Internal.NpgsqlExecutionStrategy.ExecuteAsync[TState,TResult](TState state, Func`4 operation, Func`4 verifySucceeded, CancellationToken cancellationToken)
   at Microsoft.EntityFrameworkCore.Query.Internal.SingleQueryingEnumerable`1.AsyncEnumerator.MoveNextAsync()
  Exception data:
    Severity: FATAL
    SqlState: 28P01
    MessageText: password authentication failed for user "postgres"
    File: auth.c
    Line: 324
    Routine: auth_failed
[2025-06-04 16:49:09.710 INF] Request GET / started 
[2025-06-04 16:49:09.750 INF] Request GET / completed with status 200 
[2025-06-04 16:49:46.298 INF] Request GET /swagger/index.html started 
[2025-06-04 16:49:46.458 INF] Request GET /swagger/index.html completed with status 200 
[2025-06-04 16:49:46.470 INF] Request GET /swagger/index.js started 
[2025-06-04 16:49:46.477 INF] Request GET /swagger/index.js completed with status 200 
[2025-06-04 16:49:46.524 INF] Request GET /swagger/v1/swagger.json started 
[2025-06-04 16:49:47.066 INF] Request GET /swagger/v1/swagger.json completed with status 200 
[2025-06-04 16:50:13.696 INF] Request POST /api/v1/auth/login started 
[2025-06-04 16:50:16.111 WRN] Entity 'Requirement' has a global query filter defined and is the required end of a relationship with the entity 'RequirementTestCase'. This may lead to unexpected results when the required entity is filtered out. Either configure the navigation as optional, or define matching query filters for both entities in the navigation. See https://go.microsoft.com/fwlink/?linkid=2131316 for more information. 
[2025-06-04 16:50:16.118 WRN] Entity 'Role' has a global query filter defined and is the required end of a relationship with the entity 'RolePermission'. This may lead to unexpected results when the required entity is filtered out. Either configure the navigation as optional, or define matching query filters for both entities in the navigation. See https://go.microsoft.com/fwlink/?linkid=2131316 for more information. 
[2025-06-04 16:50:18.017 ERR] An error occurred using the connection to database 'EffortlessQA' on server 'tcp://localhost:5432'. 
[2025-06-04 16:50:18.096 ERR] An exception occurred while iterating over the results of a query for context type 'EffortlessQA.Data.EffortlessQAContext'.
Npgsql.PostgresException (0x80004005): 28P01: password authentication failed for user "postgres"
   at Npgsql.Internal.NpgsqlConnector.ReadMessageLong(Boolean async, DataRowLoadingMode dataRowLoadingMode, Boolean readingNotifications, Boolean isReadingPrependedMessage)
   at System.Runtime.CompilerServices.PoolingAsyncValueTaskMethodBuilder`1.StateMachineBox`1.System.Threading.Tasks.Sources.IValueTaskSource<TResult>.GetResult(Int16 token)
   at Npgsql.Internal.NpgsqlConnector.AuthenticateSASL(List`1 mechanisms, String username, Boolean async, CancellationToken cancellationToken)
   at Npgsql.Internal.NpgsqlConnector.Authenticate(String username, NpgsqlTimeout timeout, Boolean async, CancellationToken cancellationToken)
   at Npgsql.Internal.NpgsqlConnector.<Open>g__OpenCore|214_1(NpgsqlConnector conn, SslMode sslMode, NpgsqlTimeout timeout, Boolean async, CancellationToken cancellationToken)
   at Npgsql.Internal.NpgsqlConnector.Open(NpgsqlTimeout timeout, Boolean async, CancellationToken cancellationToken)
   at Npgsql.PoolingDataSource.OpenNewConnector(NpgsqlConnection conn, NpgsqlTimeout timeout, Boolean async, CancellationToken cancellationToken)
   at Npgsql.PoolingDataSource.<Get>g__RentAsync|33_0(NpgsqlConnection conn, NpgsqlTimeout timeout, Boolean async, CancellationToken cancellationToken)
   at Npgsql.NpgsqlConnection.<Open>g__OpenAsync|42_0(Boolean async, CancellationToken cancellationToken)
   at Microsoft.EntityFrameworkCore.Storage.RelationalConnection.OpenInternalAsync(Boolean errorsExpected, CancellationToken cancellationToken)
   at Microsoft.EntityFrameworkCore.Storage.RelationalConnection.OpenInternalAsync(Boolean errorsExpected, CancellationToken cancellationToken)
   at Microsoft.EntityFrameworkCore.Storage.RelationalConnection.OpenAsync(CancellationToken cancellationToken, Boolean errorsExpected)
   at Microsoft.EntityFrameworkCore.Storage.RelationalCommand.ExecuteReaderAsync(RelationalCommandParameterObject parameterObject, CancellationToken cancellationToken)
   at Microsoft.EntityFrameworkCore.Query.Internal.SingleQueryingEnumerable`1.AsyncEnumerator.InitializeReaderAsync(AsyncEnumerator enumerator, CancellationToken cancellationToken)
   at Npgsql.EntityFrameworkCore.PostgreSQL.Storage.Internal.NpgsqlExecutionStrategy.ExecuteAsync[TState,TResult](TState state, Func`4 operation, Func`4 verifySucceeded, CancellationToken cancellationToken)
   at Microsoft.EntityFrameworkCore.Query.Internal.SingleQueryingEnumerable`1.AsyncEnumerator.MoveNextAsync()
  Exception data:
    Severity: FATAL
    SqlState: 28P01
    MessageText: password authentication failed for user "postgres"
    File: auth.c
    Line: 324
    Routine: auth_failed 
Npgsql.PostgresException (0x80004005): 28P01: password authentication failed for user "postgres"
   at Npgsql.Internal.NpgsqlConnector.ReadMessageLong(Boolean async, DataRowLoadingMode dataRowLoadingMode, Boolean readingNotifications, Boolean isReadingPrependedMessage)
   at System.Runtime.CompilerServices.PoolingAsyncValueTaskMethodBuilder`1.StateMachineBox`1.System.Threading.Tasks.Sources.IValueTaskSource<TResult>.GetResult(Int16 token)
   at Npgsql.Internal.NpgsqlConnector.AuthenticateSASL(List`1 mechanisms, String username, Boolean async, CancellationToken cancellationToken)
   at Npgsql.Internal.NpgsqlConnector.Authenticate(String username, NpgsqlTimeout timeout, Boolean async, CancellationToken cancellationToken)
   at Npgsql.Internal.NpgsqlConnector.<Open>g__OpenCore|214_1(NpgsqlConnector conn, SslMode sslMode, NpgsqlTimeout timeout, Boolean async, CancellationToken cancellationToken)
   at Npgsql.Internal.NpgsqlConnector.Open(NpgsqlTimeout timeout, Boolean async, CancellationToken cancellationToken)
   at Npgsql.PoolingDataSource.OpenNewConnector(NpgsqlConnection conn, NpgsqlTimeout timeout, Boolean async, CancellationToken cancellationToken)
   at Npgsql.PoolingDataSource.<Get>g__RentAsync|33_0(NpgsqlConnection conn, NpgsqlTimeout timeout, Boolean async, CancellationToken cancellationToken)
   at Npgsql.NpgsqlConnection.<Open>g__OpenAsync|42_0(Boolean async, CancellationToken cancellationToken)
   at Microsoft.EntityFrameworkCore.Storage.RelationalConnection.OpenInternalAsync(Boolean errorsExpected, CancellationToken cancellationToken)
   at Microsoft.EntityFrameworkCore.Storage.RelationalConnection.OpenInternalAsync(Boolean errorsExpected, CancellationToken cancellationToken)
   at Microsoft.EntityFrameworkCore.Storage.RelationalConnection.OpenAsync(CancellationToken cancellationToken, Boolean errorsExpected)
   at Microsoft.EntityFrameworkCore.Storage.RelationalCommand.ExecuteReaderAsync(RelationalCommandParameterObject parameterObject, CancellationToken cancellationToken)
   at Microsoft.EntityFrameworkCore.Query.Internal.SingleQueryingEnumerable`1.AsyncEnumerator.InitializeReaderAsync(AsyncEnumerator enumerator, CancellationToken cancellationToken)
   at Npgsql.EntityFrameworkCore.PostgreSQL.Storage.Internal.NpgsqlExecutionStrategy.ExecuteAsync[TState,TResult](TState state, Func`4 operation, Func`4 verifySucceeded, CancellationToken cancellationToken)
   at Microsoft.EntityFrameworkCore.Query.Internal.SingleQueryingEnumerable`1.AsyncEnumerator.MoveNextAsync()
  Exception data:
    Severity: FATAL
    SqlState: 28P01
    MessageText: password authentication failed for user "postgres"
    File: auth.c
    Line: 324
    Routine: auth_failed
[2025-06-04 16:51:33.353 INF] Request GET / started 
[2025-06-04 16:51:33.392 INF] Request GET / completed with status 200 
[2025-06-04 16:52:24.424 INF] Request GET /swagger/index.html started 
[2025-06-04 16:52:24.602 INF] Request GET /swagger/index.html completed with status 200 
[2025-06-04 16:52:24.613 INF] Request GET /swagger/index.js started 
[2025-06-04 16:52:24.623 INF] Request GET /swagger/index.js completed with status 200 
[2025-06-04 16:52:24.679 INF] Request GET /swagger/v1/swagger.json started 
[2025-06-04 16:52:25.259 INF] Request GET /swagger/v1/swagger.json completed with status 200 
[2025-06-04 16:52:48.830 INF] Request POST /api/v1/auth/login started 
[2025-06-04 16:52:51.250 WRN] Entity 'Requirement' has a global query filter defined and is the required end of a relationship with the entity 'RequirementTestCase'. This may lead to unexpected results when the required entity is filtered out. Either configure the navigation as optional, or define matching query filters for both entities in the navigation. See https://go.microsoft.com/fwlink/?linkid=2131316 for more information. 
[2025-06-04 16:52:51.257 WRN] Entity 'Role' has a global query filter defined and is the required end of a relationship with the entity 'RolePermission'. This may lead to unexpected results when the required entity is filtered out. Either configure the navigation as optional, or define matching query filters for both entities in the navigation. See https://go.microsoft.com/fwlink/?linkid=2131316 for more information. 
[2025-06-04 16:52:56.274 INF] JWT key length: 39 bytes 
[2025-06-04 16:52:56.412 INF] Request POST /api/v1/auth/login completed with status 200 
[2025-06-04 17:02:54.897 INF] Request GET / started 
[2025-06-04 17:02:55.045 INF] Request GET / completed with status 200 
[2025-06-04 17:03:22.784 INF] Request GET /swagger/index.html started 
[2025-06-04 17:03:22.935 INF] Request GET /swagger/index.html completed with status 200 
[2025-06-04 17:03:22.944 INF] Request GET /swagger/index.js started 
[2025-06-04 17:03:22.957 INF] Request GET /swagger/index.js completed with status 200 
[2025-06-04 17:03:23.021 INF] Request GET /swagger/v1/swagger.json started 
[2025-06-04 17:03:23.530 INF] Request GET /swagger/v1/swagger.json completed with status 200 
[2025-06-04 17:03:52.628 INF] Request POST /api/v1/auth/login started 
[2025-06-04 17:03:54.939 WRN] Entity 'Requirement' has a global query filter defined and is the required end of a relationship with the entity 'RequirementTestCase'. This may lead to unexpected results when the required entity is filtered out. Either configure the navigation as optional, or define matching query filters for both entities in the navigation. See https://go.microsoft.com/fwlink/?linkid=2131316 for more information. 
[2025-06-04 17:03:54.943 WRN] Entity 'Role' has a global query filter defined and is the required end of a relationship with the entity 'RolePermission'. This may lead to unexpected results when the required entity is filtered out. Either configure the navigation as optional, or define matching query filters for both entities in the navigation. See https://go.microsoft.com/fwlink/?linkid=2131316 for more information. 
[2025-06-04 17:04:00.208 INF] JWT key length: 39 bytes 
[2025-06-04 17:04:00.325 INF] Request POST /api/v1/auth/login completed with status 200 
[2025-06-04 17:06:54.973 INF] Request GET / started 
[2025-06-04 17:06:55.136 INF] Request GET / completed with status 200 
[2025-06-04 17:07:28.058 INF] Request GET / started 
[2025-06-04 17:07:28.099 INF] Request GET / completed with status 200 
[2025-06-04 17:10:09.488 INF] Request GET / started 
[2025-06-04 17:10:09.532 INF] Request GET / completed with status 200 
[2025-06-04 17:11:25.699 INF] Request GET / started 
[2025-06-04 17:11:25.741 INF] Request GET / completed with status 200 
[2025-06-04 17:14:37.932 INF] Request GET / started 
[2025-06-04 17:14:38.012 INF] Request GET / completed with status 200 
[2025-06-04 17:16:16.855 INF] Request GET / started 
[2025-06-04 17:16:16.904 INF] Request GET / completed with status 200 
